app/build/intermediates/manifest_merge_blame_file/debug/manifest-merger-blame-debug-report.txt
1<?xml version="1.0" encoding="utf-8"?>
2<manifest xmlns:android="http://schemas.android.com/apk/res/android"
3    package="com.example.dictionary"
4    android:versionCode="1"
5    android:versionName="1.0" >
6
7    <uses-sdk
8        android:minSdkVersion="15"
8-->src\main\AndroidManifest.xml
9        android:targetSdkVersion="29" />
9-->src\main\AndroidManifest.xml
10
11    <uses-permission android:name="android.permission.INTERNET" />
11-->src\main\AndroidManifest.xml:5:5-67
11-->src\main\AndroidManifest.xml:5:22-64
12
13    <application
13-->src\main\AndroidManifest.xml:7:5-35:19
14        android:allowBackup="true"
14-->src\main\AndroidManifest.xml:8:9-35
15        android:appComponentFactory="androidx.core.app.CoreComponentFactory"
15-->[androidx.core:core:1.0.1] AndroidManifest.xml:22:18-86
16        android:debuggable="true"
17        android:icon="@mipmap/ic_launcher"
17-->src\main\AndroidManifest.xml:9:9-43
18        android:label="@string/app_name"
18-->src\main\AndroidManifest.xml:10:9-41
19        android:roundIcon="@mipmap/ic_launcher_round"
19-->src\main\AndroidManifest.xml:11:9-54
20        android:supportsRtl="true"
20-->src\main\AndroidManifest.xml:12:9-35
21        android:testOnly="true"
22        android:theme="@style/AppTheme" >
22-->src\main\AndroidManifest.xml:13:9-40
23        <activity android:name="com.example.dictionary.HashtagActivity" />
23-->src\main\AndroidManifest.xml:14:9-62
23-->src\main\AndroidManifest.xml:14:19-50
24        <activity android:name="com.example.dictionary.MarkActivity" />
24-->src\main\AndroidManifest.xml:15:9-50
24-->src\main\AndroidManifest.xml:15:19-47
25        <activity android:name="com.example.dictionary.WordDetail" />
25-->src\main\AndroidManifest.xml:16:9-48
25-->src\main\AndroidManifest.xml:16:19-45
26        <activity android:name="com.example.dictionary.SignUpActitvity" />
26-->src\main\AndroidManifest.xml:17:9-53
26-->src\main\AndroidManifest.xml:17:19-50
27        <activity
27-->src\main\AndroidManifest.xml:18:9-20:78
28            android:name="bottom.fragments.Main2BottomNavigation"
28-->src\main\AndroidManifest.xml:19:13-66
29            android:label="@string/title_activity_main2_bottom_navigation" />
29-->src\main\AndroidManifest.xml:20:13-75
30        <activity android:name="com.example.dictionary.Main2Activity" >
30-->src\main\AndroidManifest.xml:21:9-27:20
30-->src\main\AndroidManifest.xml:21:19-48
31            <intent-filter>
31-->src\main\AndroidManifest.xml:22:13-26:29
32                <action android:name="android.intent.action.MAIN" />
32-->src\main\AndroidManifest.xml:23:17-69
32-->src\main\AndroidManifest.xml:23:25-66
33
34                <category android:name="android.intent.category.LAUNCHER" />
34-->src\main\AndroidManifest.xml:25:17-77
34-->src\main\AndroidManifest.xml:25:27-74
35            </intent-filter>
36        </activity>
37        <activity android:name="com.example.dictionary.MainActivity" >
37-->src\main\AndroidManifest.xml:28:9-30:20
37-->src\main\AndroidManifest.xml:28:19-47
38        </activity>
39        <activity
39-->src\main\AndroidManifest.xml:31:9-34:20
40            android:name="com.example.dictionary.LoginPopUp"
40-->src\main\AndroidManifest.xml:31:19-45
41            android:theme="@style/AppTheme.PopUp" >
41-->src\main\AndroidManifest.xml:32:13-50
42        </activity>
43
44        <provider
44-->[androidx.lifecycle:lifecycle-process:2.0.0] AndroidManifest.xml:23:9-27:43
45            android:name="androidx.lifecycle.ProcessLifecycleOwnerInitializer"
45-->[androidx.lifecycle:lifecycle-process:2.0.0] AndroidManifest.xml:24:13-79
46            android:authorities="com.example.dictionary.lifecycle-process"
46-->[androidx.lifecycle:lifecycle-process:2.0.0] AndroidManifest.xml:25:13-69
47            android:exported="false"
47-->[androidx.lifecycle:lifecycle-process:2.0.0] AndroidManifest.xml:26:13-37
48            android:multiprocess="true" />
48-->[androidx.lifecycle:lifecycle-process:2.0.0] AndroidManifest.xml:27:13-40
49    </application>
50
51</manifest>